<?xml version="1.0" encoding="UTF-8"?>
<!-- Generated by org.testng.reporters.JUnitXMLReporter -->
<testsuite ignored="0" hostname="MSI" failures="0" tests="5" name="Default test" time="15.892" errors="0" timestamp="2024-03-23T09:00:30 ICT">
  <testcase classname="testsuite.Testevent" name="addeventsuccess" time="7.017"/>
  <testcase classname="testsuite.Testevent" name="deleteeventsuccess" time="1.828"/>
  <testcase classname="testsuite.Testevent" name="TextMonth" time="0.153"/>
  <testcase classname="testsuite.Testevent" name="Textweek" time="0.144"/>
  <testcase classname="testsuite.Testevent" name="Textday" time="0.124"/>
</testsuite> <!-- Default test -->
